<?xml version="1.0" encoding="UTF-8"?>
<!-- Generated by org.testng.reporters.JUnitReportReporter -->
<testsuite skipped="0" hostname="DESKTOP-73KEIQS" name="Curso.AutomationII.AppTest" tests="1" failures="0" timestamp="14 dic 2017 15:02:54 GMT" time="0.001" errors="0">
  <testcase name="testApp" time="0.001" classname="Curso.AutomationII.AppTest"/>
</testsuite> <!-- Curso.AutomationII.AppTest -->
