<?xml version="1.0" encoding="UTF-8"?>
<!-- Generated by org.testng.reporters.JUnitReportReporter -->
<testsuite skipped="0" hostname="DESKTOP-73KEIQS" name="Curso.AutomationII.RunCuckesTest" tests="1" failures="0" timestamp="26 dic 2017 18:14:50 GMT" time="26.841" errors="0">
  <testcase name="feature" time="26.841" classname="Curso.AutomationII.RunCuckesTest"/>
</testsuite> <!-- Curso.AutomationII.RunCuckesTest -->
