<?xml version="1.0" encoding="UTF-8"?>
<!-- Generated by org.testng.reporters.JUnitReportReporter -->
<testsuite skipped="0" hostname="DESKTOP-73KEIQS" name="Curso.AutomationII.RunCuckesTest" tests="1" failures="0" timestamp="14 dic 2017 15:44:09 GMT" time="8.492" errors="0">
  <testcase name="feature" time="8.492" classname="Curso.AutomationII.RunCuckesTest"/>
</testsuite> <!-- Curso.AutomationII.RunCuckesTest -->
