<?xml version="1.0" encoding="UTF-8"?>
<!-- Generated by org.testng.reporters.JUnitReportReporter -->
<testsuite skipped="0" hostname="DESKTOP-73KEIQS" name="Curso.AutomationII.RunCuckesTest" tests="1" failures="0" timestamp="20 dic 2017 14:22:05 GMT" time="22.715" errors="0">
  <testcase name="feature" time="22.715" classname="Curso.AutomationII.RunCuckesTest"/>
</testsuite> <!-- Curso.AutomationII.RunCuckesTest -->
