<?xml version="1.0" encoding="UTF-8"?>
<!-- Generated by org.testng.reporters.JUnitReportReporter -->
<testsuite skipped="0" hostname="DESKTOP-73KEIQS" name="Curso.AutomationII.RunCuckesTest" tests="1" failures="0" timestamp="28 dic 2017 16:50:01 GMT" time="53.273" errors="0">
  <testcase name="feature" time="53.273" classname="Curso.AutomationII.RunCuckesTest"/>
</testsuite> <!-- Curso.AutomationII.RunCuckesTest -->
